#
# There is insufficient memory for the Java Runtime Environment to continue.
# Native memory allocation (mmap) failed to map 65536 bytes for Failed to commit metaspace.
# Possible reasons:
#   The system is out of physical RAM or swap space
#   The process is running with CompressedOops enabled, and the Java Heap may be blocking the growth of the native heap
# Possible solutions:
#   Reduce memory load on the system
#   Increase physical memory or swap space
#   Check if swap backing store is full
#   Decrease Java heap size (-Xmx/-Xms)
#   Decrease number of Java threads
#   Decrease Java thread stack sizes (-Xss)
#   Set larger code cache with -XX:ReservedCodeCacheSize=
#   JVM is running with Unscaled Compressed Oops mode in which the Java heap is
#     placed in the first 4GB address space. The Java Heap base address is the
#     maximum limit for the native heap growth. Please use -XX:HeapBaseMinAddress
#     to set the Java Heap base and to place the Java Heap above 4GB virtual address.
# This output file may be truncated or incomplete.
#
#  Out of Memory Error (virtualSpaceNode.cpp:110), pid=11284, tid=15940
#
# JRE version: Java(TM) SE Runtime Environment (20.0+36) (build 20+36-2344)
# Java VM: Java HotSpot(TM) 64-Bit Server VM (20+36-2344, mixed mode, sharing, tiered, compressed oops, compressed class ptrs, g1 gc, windows-amd64)
# No core dump will be written. Minidumps are not enabled by default on client versions of Windows
#

---------------  S U M M A R Y ------------

Command Line: -Dfile.encoding=UTF-8 --module-path=D:\NetBeansProjects\Hotel Management System\build\classes hotel.management.system.Reception

Host: Intel(R) Core(TM) i3-1005G1 CPU @ 1.20GHz, 4 cores, 3G,  Windows 11 , 64 bit Build 22621 (10.0.22621.2506)
Time: Mon Nov 13 12:22:22 2023 India Standard Time elapsed time: 4.791502 seconds (0d 0h 0m 4s)

---------------  T H R E A D  ---------------

Current thread (0x000002cb4977e9e0):  JavaThread "C1 CompilerThread0" daemon [_thread_in_vm, id=15940, stack(0x000000d601f00000,0x000000d602000000)]


Current CompileTask:
C1:   4791 1757       3       java.math.BigInteger::shiftLeftImplWorker (43 bytes)

Stack: [0x000000d601f00000,0x000000d602000000]
Native frames: (J=compiled Java code, j=interpreted, Vv=VM code, C=native code)
V  [jvm.dll+0x6bb95a]
V  [jvm.dll+0x8483aa]
V  [jvm.dll+0x849fa5]
V  [jvm.dll+0x84a6a3]
V  [jvm.dll+0x280b0f]
V  [jvm.dll+0x8442eb]
V  [jvm.dll+0x65fd86]
V  [jvm.dll+0x65fdea]
V  [jvm.dll+0x6626c3]
V  [jvm.dll+0x66258e]
V  [jvm.dll+0x66079e]
V  [jvm.dll+0x671bfa]
V  [jvm.dll+0x66b122]
V  [jvm.dll+0x1f8f90]
V  [jvm.dll+0x1f9178]
V  [jvm.dll+0x15804e]
V  [jvm.dll+0x158384]
V  [jvm.dll+0x1577c6]
V  [jvm.dll+0x1594fd]
V  [jvm.dll+0x259e1b]
V  [jvm.dll+0x2584f0]
V  [jvm.dll+0x3f2895]
V  [jvm.dll+0x7f4906]
V  [jvm.dll+0x6ba5cb]
C  [ucrtbase.dll+0x29363]
C  [KERNEL32.DLL+0x1257d]
C  [ntdll.dll+0x5aa58]


---------------  P R O C E S S  ---------------

Threads class SMR info:
_java_thread_list=0x000002cb4e80a490, length=17, elements={
0x000002cb49718d10, 0x000002cb49719bb0, 0x000002cb4971bd50, 0x000002cb4971da00,
0x000002cb4971fb80, 0x000002cb49723370, 0x000002cb49723fe0, 0x000002cb4977e9e0,
0x000002cb496fac40, 0x000002cb4d9dd800, 0x000002cb4dbd5380, 0x000002cb4dbd58d0,
0x000002cb4dc195a0, 0x000002cb4dc4dad0, 0x000002cb4dcec2b0, 0x000002cb2ed05310,
0x000002cb4e82d1e0
}

Java Threads: ( => current thread )
  0x000002cb49718d10 JavaThread "Reference Handler" daemon [_thread_blocked, id=15568, stack(0x000000d601800000,0x000000d601900000)]
  0x000002cb49719bb0 JavaThread "Finalizer" daemon [_thread_blocked, id=15660, stack(0x000000d601900000,0x000000d601a00000)]
  0x000002cb4971bd50 JavaThread "Signal Dispatcher" daemon [_thread_blocked, id=1764, stack(0x000000d601a00000,0x000000d601b00000)]
  0x000002cb4971da00 JavaThread "Attach Listener" daemon [_thread_blocked, id=15036, stack(0x000000d601b00000,0x000000d601c00000)]
  0x000002cb4971fb80 JavaThread "Service Thread" daemon [_thread_blocked, id=9008, stack(0x000000d601c00000,0x000000d601d00000)]
  0x000002cb49723370 JavaThread "Monitor Deflation Thread" daemon [_thread_blocked, id=14076, stack(0x000000d601d00000,0x000000d601e00000)]
  0x000002cb49723fe0 JavaThread "C2 CompilerThread0" daemon [_thread_in_native, id=16348, stack(0x000000d601e00000,0x000000d601f00000)]
=>0x000002cb4977e9e0 JavaThread "C1 CompilerThread0" daemon [_thread_in_vm, id=15940, stack(0x000000d601f00000,0x000000d602000000)]
  0x000002cb496fac40 JavaThread "Common-Cleaner" daemon [_thread_blocked, id=15396, stack(0x000000d602000000,0x000000d602100000)]
  0x000002cb4d9dd800 JavaThread "Notification Thread" daemon [_thread_blocked, id=12872, stack(0x000000d602100000,0x000000d602200000)]
  0x000002cb4dbd5380 JavaThread "Java2D Disposer" daemon [_thread_blocked, id=15364, stack(0x000000d602300000,0x000000d602400000)]
  0x000002cb4dbd58d0 JavaThread "AWT-Shutdown" [_thread_blocked, id=16396, stack(0x000000d602400000,0x000000d602500000)]
  0x000002cb4dc195a0 JavaThread "AWT-Windows" daemon [_thread_in_native, id=11484, stack(0x000000d602500000,0x000000d602600000)]
  0x000002cb4dc4dad0 JavaThread "Image Fetcher 0" daemon [_thread_blocked, id=16592, stack(0x000000d602600000,0x000000d602700000)]
  0x000002cb4dcec2b0 JavaThread "AWT-EventQueue-0" [_thread_in_vm, id=2604, stack(0x000000d602700000,0x000000d602800000)]
  0x000002cb2ed05310 JavaThread "DestroyJavaVM" [_thread_blocked, id=15472, stack(0x000000d601100000,0x000000d601200000)]
  0x000002cb4e82d1e0 JavaThread "mysql-cj-abandoned-connection-cleanup" daemon [_thread_blocked, id=12380, stack(0x000000d602800000,0x000000d602900000)]

Other Threads:
  0x000002cb2edce850 VMThread "VM Thread" [stack: 0x000000d601700000,0x000000d601800000] [id=11196]
  0x000002cb4da085c0 WatcherThread "VM Periodic Task Thread" [stack: 0x000000d602200000,0x000000d602300000] [id=13684]
  0x000002cb2ed46e70 WorkerThread "GC Thread#0" [stack: 0x000000d601200000,0x000000d601300000] [id=12128]
  0x000002cb4ea1c0a0 WorkerThread "GC Thread#1" [stack: 0x000000d602900000,0x000000d602a00000] [id=13680]
  0x000002cb4ea1bb00 WorkerThread "GC Thread#2" [stack: 0x000000d602a00000,0x000000d602b00000] [id=16040]
  0x000002cb4ea1bdd0 WorkerThread "GC Thread#3" [stack: 0x000000d602b00000,0x000000d602c00000] [id=16696]
  0x000002cb2ed50650 ConcurrentGCThread "G1 Main Marker" [stack: 0x000000d601300000,0x000000d601400000] [id=15632]
  0x000002cb2ed51220 WorkerThread "G1 Conc#0" [stack: 0x000000d601400000,0x000000d601500000] [id=15648]
  0x000002cb2edaaf60 ConcurrentGCThread "G1 Refine#0" [stack: 0x000000d601500000,0x000000d601600000] [id=11096]
  0x000002cb2edab910 ConcurrentGCThread "G1 Service" [stack: 0x000000d601600000,0x000000d601700000] [id=12284]

Threads with active compile tasks:
C2 CompilerThread0     4828 1722       4       sun.security.ec.ECOperations::setDouble (463 bytes)
C1 CompilerThread0     4828 1757       3       java.math.BigInteger::shiftLeftImplWorker (43 bytes)

VM state: not at safepoint (normal execution)

VM Mutex/Monitor currently owned by a thread:  ([mutex/lock_event])
[0x000002cb2ecff8b0] Metaspace_lock - owner thread: 0x000002cb4977e9e0

Heap address: 0x00000000c3a00000, size: 966 MB, Compressed Oops mode: 32-bit

CDS archive(s) mapped at: [0x0000000800000000-0x0000000800c60000-0x0000000800c60000), size 12976128, SharedBaseAddress: 0x0000000800000000, ArchiveRelocationMode: 0.
Compressed class space mapped at: 0x0000000801000000-0x0000000841000000, reserved size: 1073741824
Narrow klass base: 0x0000000800000000, Narrow klass shift: 0, Narrow klass range: 0x100000000

GC Precious Log:
 CardTable entry size: 512
 Card Set container configuration: InlinePtr #cards 5 size 8 Array Of Cards #cards 12 size 40 Howl #buckets 4 coarsen threshold 1843 Howl Bitmap #cards 512 size 80 coarsen threshold 460 Card regions per heap region 1 cards per card region 2048
 CPUs: 4 total, 4 available
 Memory: 3863M
 Large Page Support: Disabled
 NUMA Support: Disabled
 Compressed Oops: Enabled (32-bit)
 Heap Region Size: 1M
 Heap Min Capacity: 8M
 Heap Initial Capacity: 62M
 Heap Max Capacity: 966M
 Pre-touch: Disabled
 Parallel Workers: 4
 Concurrent Workers: 1
 Concurrent Refinement Workers: 4
 Periodic GC: Disabled

Heap:
 garbage-first heap   total 63488K, used 14656K [0x00000000c3a00000, 0x0000000100000000)
  region size 1024K, 10 young (10240K), 2 survivors (2048K)
 Metaspace       used 15470K, committed 15680K, reserved 1114112K
  class space    used 1679K, committed 1792K, reserved 1048576K

Heap Regions: E=young(eden), S=young(survivor), O=old, HS=humongous(starts), HC=humongous(continues), CS=collection set, F=free, OA=open archive, CA=closed archive, TAMS=top-at-mark-start, PB=parsable bottom
|   0|0x00000000c3a00000, 0x00000000c3b00000, 0x00000000c3b00000|100%|HS|  |TAMS 0x00000000c3a00000| PB 0x00000000c3a00000| Complete 
|   1|0x00000000c3b00000, 0x00000000c3c00000, 0x00000000c3c00000|100%|HS|  |TAMS 0x00000000c3b00000| PB 0x00000000c3b00000| Complete 
|   2|0x00000000c3c00000, 0x00000000c3d00000, 0x00000000c3d00000|100%|HC|  |TAMS 0x00000000c3c00000| PB 0x00000000c3c00000| Complete 
|   3|0x00000000c3d00000, 0x00000000c3e00000, 0x00000000c3e00000|100%|HC|  |TAMS 0x00000000c3d00000| PB 0x00000000c3d00000| Complete 
|   4|0x00000000c3e00000, 0x00000000c3f00000, 0x00000000c3f00000|100%| O|  |TAMS 0x00000000c3e00000| PB 0x00000000c3e00000| Untracked 
|   5|0x00000000c3f00000, 0x00000000c3f50000, 0x00000000c4000000| 31%| O|  |TAMS 0x00000000c3f00000| PB 0x00000000c3f00000| Untracked 
|   6|0x00000000c4000000, 0x00000000c4000000, 0x00000000c4100000|  0%| F|  |TAMS 0x00000000c4000000| PB 0x00000000c4000000| Untracked 
|   7|0x00000000c4100000, 0x00000000c4100000, 0x00000000c4200000|  0%| F|  |TAMS 0x00000000c4100000| PB 0x00000000c4100000| Untracked 
|   8|0x00000000c4200000, 0x00000000c4200000, 0x00000000c4300000|  0%| F|  |TAMS 0x00000000c4200000| PB 0x00000000c4200000| Untracked 
|   9|0x00000000c4300000, 0x00000000c4300000, 0x00000000c4400000|  0%| F|  |TAMS 0x00000000c4300000| PB 0x00000000c4300000| Untracked 
|  10|0x00000000c4400000, 0x00000000c4400000, 0x00000000c4500000|  0%| F|  |TAMS 0x00000000c4400000| PB 0x00000000c4400000| Untracked 
|  11|0x00000000c4500000, 0x00000000c4500000, 0x00000000c4600000|  0%| F|  |TAMS 0x00000000c4500000| PB 0x00000000c4500000| Untracked 
|  12|0x00000000c4600000, 0x00000000c4600000, 0x00000000c4700000|  0%| F|  |TAMS 0x00000000c4600000| PB 0x00000000c4600000| Untracked 
|  13|0x00000000c4700000, 0x00000000c4700000, 0x00000000c4800000|  0%| F|  |TAMS 0x00000000c4700000| PB 0x00000000c4700000| Untracked 
|  14|0x00000000c4800000, 0x00000000c4800000, 0x00000000c4900000|  0%| F|  |TAMS 0x00000000c4800000| PB 0x00000000c4800000| Untracked 
|  15|0x00000000c4900000, 0x00000000c4900000, 0x00000000c4a00000|  0%| F|  |TAMS 0x00000000c4900000| PB 0x00000000c4900000| Untracked 
|  16|0x00000000c4a00000, 0x00000000c4a00000, 0x00000000c4b00000|  0%| F|  |TAMS 0x00000000c4a00000| PB 0x00000000c4a00000| Untracked 
|  17|0x00000000c4b00000, 0x00000000c4b00000, 0x00000000c4c00000|  0%| F|  |TAMS 0x00000000c4b00000| PB 0x00000000c4b00000| Untracked 
|  18|0x00000000c4c00000, 0x00000000c4c00000, 0x00000000c4d00000|  0%| F|  |TAMS 0x00000000c4c00000| PB 0x00000000c4c00000| Untracked 
|  19|0x00000000c4d00000, 0x00000000c4d00000, 0x00000000c4e00000|  0%| F|  |TAMS 0x00000000c4d00000| PB 0x00000000c4d00000| Untracked 
|  20|0x00000000c4e00000, 0x00000000c4e00000, 0x00000000c4f00000|  0%| F|  |TAMS 0x00000000c4e00000| PB 0x00000000c4e00000| Untracked 
|  21|0x00000000c4f00000, 0x00000000c4f00000, 0x00000000c5000000|  0%| F|  |TAMS 0x00000000c4f00000| PB 0x00000000c4f00000| Untracked 
|  22|0x00000000c5000000, 0x00000000c5000000, 0x00000000c5100000|  0%| F|  |TAMS 0x00000000c5000000| PB 0x00000000c5000000| Untracked 
|  23|0x00000000c5100000, 0x00000000c5100000, 0x00000000c5200000|  0%| F|  |TAMS 0x00000000c5100000| PB 0x00000000c5100000| Untracked 
|  24|0x00000000c5200000, 0x00000000c5200000, 0x00000000c5300000|  0%| F|  |TAMS 0x00000000c5200000| PB 0x00000000c5200000| Untracked 
|  25|0x00000000c5300000, 0x00000000c5300000, 0x00000000c5400000|  0%| F|  |TAMS 0x00000000c5300000| PB 0x00000000c5300000| Untracked 
|  26|0x00000000c5400000, 0x00000000c5400000, 0x00000000c5500000|  0%| F|  |TAMS 0x00000000c5400000| PB 0x00000000c5400000| Untracked 
|  27|0x00000000c5500000, 0x00000000c5500000, 0x00000000c5600000|  0%| F|  |TAMS 0x00000000c5500000| PB 0x00000000c5500000| Untracked 
|  28|0x00000000c5600000, 0x00000000c5600000, 0x00000000c5700000|  0%| F|  |TAMS 0x00000000c5600000| PB 0x00000000c5600000| Untracked 
|  29|0x00000000c5700000, 0x00000000c5700000, 0x00000000c5800000|  0%| F|  |TAMS 0x00000000c5700000| PB 0x00000000c5700000| Untracked 
|  30|0x00000000c5800000, 0x00000000c5800000, 0x00000000c5900000|  0%| F|  |TAMS 0x00000000c5800000| PB 0x00000000c5800000| Untracked 
|  31|0x00000000c5900000, 0x00000000c5900000, 0x00000000c5a00000|  0%| F|  |TAMS 0x00000000c5900000| PB 0x00000000c5900000| Untracked 
|  32|0x00000000c5a00000, 0x00000000c5a00000, 0x00000000c5b00000|  0%| F|  |TAMS 0x00000000c5a00000| PB 0x00000000c5a00000| Untracked 
|  33|0x00000000c5b00000, 0x00000000c5b00000, 0x00000000c5c00000|  0%| F|  |TAMS 0x00000000c5b00000| PB 0x00000000c5b00000| Untracked 
|  34|0x00000000c5c00000, 0x00000000c5c00000, 0x00000000c5d00000|  0%| F|  |TAMS 0x00000000c5c00000| PB 0x00000000c5c00000| Untracked 
|  35|0x00000000c5d00000, 0x00000000c5d00000, 0x00000000c5e00000|  0%| F|  |TAMS 0x00000000c5d00000| PB 0x00000000c5d00000| Untracked 
|  36|0x00000000c5e00000, 0x00000000c5e00000, 0x00000000c5f00000|  0%| F|  |TAMS 0x00000000c5e00000| PB 0x00000000c5e00000| Untracked 
|  37|0x00000000c5f00000, 0x00000000c5f00000, 0x00000000c6000000|  0%| F|  |TAMS 0x00000000c5f00000| PB 0x00000000c5f00000| Untracked 
|  38|0x00000000c6000000, 0x00000000c6000000, 0x00000000c6100000|  0%| F|  |TAMS 0x00000000c6000000| PB 0x00000000c6000000| Untracked 
|  39|0x00000000c6100000, 0x00000000c6100000, 0x00000000c6200000|  0%| F|  |TAMS 0x00000000c6100000| PB 0x00000000c6100000| Untracked 
|  40|0x00000000c6200000, 0x00000000c6200000, 0x00000000c6300000|  0%| F|  |TAMS 0x00000000c6200000| PB 0x00000000c6200000| Untracked 
|  41|0x00000000c6300000, 0x00000000c6300000, 0x00000000c6400000|  0%| F|  |TAMS 0x00000000c6300000| PB 0x00000000c6300000| Untracked 
|  42|0x00000000c6400000, 0x00000000c6400000, 0x00000000c6500000|  0%| F|  |TAMS 0x00000000c6400000| PB 0x00000000c6400000| Untracked 
|  43|0x00000000c6500000, 0x00000000c6500000, 0x00000000c6600000|  0%| F|  |TAMS 0x00000000c6500000| PB 0x00000000c6500000| Untracked 
|  44|0x00000000c6600000, 0x00000000c6600000, 0x00000000c6700000|  0%| F|  |TAMS 0x00000000c6600000| PB 0x00000000c6600000| Untracked 
|  45|0x00000000c6700000, 0x00000000c6700000, 0x00000000c6800000|  0%| F|  |TAMS 0x00000000c6700000| PB 0x00000000c6700000| Untracked 
|  46|0x00000000c6800000, 0x00000000c6800000, 0x00000000c6900000|  0%| F|  |TAMS 0x00000000c6800000| PB 0x00000000c6800000| Untracked 
|  47|0x00000000c6900000, 0x00000000c6a00000, 0x00000000c6a00000|100%| S|CS|TAMS 0x00000000c6900000| PB 0x00000000c6900000| Complete 
|  48|0x00000000c6a00000, 0x00000000c6b00000, 0x00000000c6b00000|100%| S|CS|TAMS 0x00000000c6a00000| PB 0x00000000c6a00000| Complete 
|  49|0x00000000c6b00000, 0x00000000c6b00000, 0x00000000c6c00000|  0%| F|  |TAMS 0x00000000c6b00000| PB 0x00000000c6b00000| Untracked 
|  50|0x00000000c6c00000, 0x00000000c6c00000, 0x00000000c6d00000|  0%| F|  |TAMS 0x00000000c6c00000| PB 0x00000000c6c00000| Untracked 
|  51|0x00000000c6d00000, 0x00000000c6d00000, 0x00000000c6e00000|  0%| F|  |TAMS 0x00000000c6d00000| PB 0x00000000c6d00000| Untracked 
|  52|0x00000000c6e00000, 0x00000000c6e00000, 0x00000000c6f00000|  0%| F|  |TAMS 0x00000000c6e00000| PB 0x00000000c6e00000| Untracked 
|  53|0x00000000c6f00000, 0x00000000c6f00000, 0x00000000c7000000|  0%| F|  |TAMS 0x00000000c6f00000| PB 0x00000000c6f00000| Untracked 
|  54|0x00000000c7000000, 0x00000000c707dcd0, 0x00000000c7100000| 49%| E|  |TAMS 0x00000000c7000000| PB 0x00000000c7000000| Complete 
|  55|0x00000000c7100000, 0x00000000c7200000, 0x00000000c7200000|100%| E|CS|TAMS 0x00000000c7100000| PB 0x00000000c7100000| Complete 
|  56|0x00000000c7200000, 0x00000000c7300000, 0x00000000c7300000|100%| E|CS|TAMS 0x00000000c7200000| PB 0x00000000c7200000| Complete 
|  57|0x00000000c7300000, 0x00000000c7400000, 0x00000000c7400000|100%| E|CS|TAMS 0x00000000c7300000| PB 0x00000000c7300000| Complete 
|  58|0x00000000c7400000, 0x00000000c7500000, 0x00000000c7500000|100%| E|CS|TAMS 0x00000000c7400000| PB 0x00000000c7400000| Complete 
|  59|0x00000000c7500000, 0x00000000c7600000, 0x00000000c7600000|100%| E|CS|TAMS 0x00000000c7500000| PB 0x00000000c7500000| Complete 
|  60|0x00000000c7600000, 0x00000000c7700000, 0x00000000c7700000|100%| E|CS|TAMS 0x00000000c7600000| PB 0x00000000c7600000| Complete 
|  61|0x00000000c7700000, 0x00000000c7800000, 0x00000000c7800000|100%| E|CS|TAMS 0x00000000c7700000| PB 0x00000000c7700000| Complete 

Card table byte_map: [0x000002cb45fb0000,0x000002cb461a0000] _byte_map_base: 0x000002cb45993000

Marking Bits: (CMBitMap*) 0x000002cb2ed474a0
 Bits: [0x000002cb46390000, 0x000002cb472a8000)

Polling page: 0x000002cb2cc70000

Metaspace:

Usage:
  Non-class:     13.47 MB used.
      Class:      1.64 MB used.
       Both:     15.11 MB used.

Virtual space:
  Non-class space:       64.00 MB reserved,      13.56 MB ( 21%) committed,  1 nodes.
      Class space:        1.00 GB reserved,       1.75 MB ( <1%) committed,  1 nodes.
             Both:        1.06 GB reserved,      15.31 MB (  1%) committed. 

Chunk freelists:
   Non-Class:  2.39 MB
       Class:  2.23 MB
        Both:  4.62 MB

MaxMetaspaceSize: unlimited
CompressedClassSpaceSize: 1.00 GB
Initial GC threshold: 21.00 MB
Current GC threshold: 21.00 MB
CDS: on
MetaspaceReclaimPolicy: balanced
 - commit_granule_bytes: 65536.
 - commit_granule_words: 8192.
 - virtual_space_node_default_size: 8388608.
 - enlarge_chunks_in_place: 1.
 - new_chunks_are_fully_committed: 0.
 - uncommit_free_chunks: 1.
 - use_allocation_guard: 0.


Internal statistics:

num_allocs_failed_limit: 0.
num_arena_births: 188.
num_arena_deaths: 0.
num_vsnodes_births: 2.
num_vsnodes_deaths: 0.
num_space_committed: 245.
num_space_uncommitted: 0.
num_chunks_returned_to_freelist: 0.
num_chunks_taken_from_freelist: 361.
num_chunk_merges: 0.
num_chunk_splits: 222.
num_chunks_enlarged: 124.
num_inconsistent_stats: 0.

CodeHeap 'non-profiled nmethods': size=120000Kb used=580Kb max_used=580Kb free=119419Kb
 bounds [0x000002cb3e890000, 0x000002cb3eb00000, 0x000002cb45dc0000]
CodeHeap 'profiled nmethods': size=120000Kb used=2947Kb max_used=2947Kb free=117053Kb
 bounds [0x000002cb36dc0000, 0x000002cb370b0000, 0x000002cb3e2f0000]
CodeHeap 'non-nmethods': size=5760Kb used=1869Kb max_used=1882Kb free=3890Kb
 bounds [0x000002cb3e2f0000, 0x000002cb3e560000, 0x000002cb3e890000]
 total_blobs=2446 nmethods=1754 adapters=603
 compilation: enabled
              stopped_count=0, restarted_count=0
 full_count=0

Compilation events (20 events):
Event: 4.616 Thread 0x000002cb49723fe0 nmethod 1731 0x000002cb3e920890 code [0x000002cb3e920a00, 0x000002cb3e920a70]
Event: 4.616 Thread 0x000002cb49723fe0 1722       4       sun.security.ec.ECOperations::setDouble (463 bytes)
Event: 4.616 Thread 0x000002cb4977e9e0 nmethod 1746 0x000002cb3709bd90 code [0x000002cb3709bf60, 0x000002cb3709c380]
Event: 4.618 Thread 0x000002cb4977e9e0 1747       1       java.nio.Buffer::capacity (5 bytes)
Event: 4.619 Thread 0x000002cb4977e9e0 nmethod 1747 0x000002cb3e920b90 code [0x000002cb3e920d00, 0x000002cb3e920dc8]
Event: 4.622 Thread 0x000002cb4977e9e0 1748       3       java.util.Collections$UnmodifiableCollection::isEmpty (10 bytes)
Event: 4.622 Thread 0x000002cb4977e9e0 nmethod 1748 0x000002cb3709c490 code [0x000002cb3709c620, 0x000002cb3709c7f0]
Event: 4.623 Thread 0x000002cb4977e9e0 1749       3       com.sun.crypto.provider.GHASH::blockMult (245 bytes)
Event: 4.624 Thread 0x000002cb4977e9e0 nmethod 1749 0x000002cb3709c890 code [0x000002cb3709ca40, 0x000002cb3709ce88]
Event: 4.625 Thread 0x000002cb4977e9e0 1750       3       java.nio.HeapByteBuffer::get (14 bytes)
Event: 4.625 Thread 0x000002cb4977e9e0 nmethod 1750 0x000002cb3709d090 code [0x000002cb3709d240, 0x000002cb3709d518]
Event: 4.651 Thread 0x000002cb4977e9e0 1752       3       java.math.BigInteger::implMulAdd (81 bytes)
Event: 4.651 Thread 0x000002cb4977e9e0 nmethod 1752 0x000002cb3709d690 code [0x000002cb3709d820, 0x000002cb3709da70]
Event: 4.652 Thread 0x000002cb4977e9e0 1755       3       java.math.BigInteger::addOne (77 bytes)
Event: 4.652 Thread 0x000002cb4977e9e0 nmethod 1755 0x000002cb3709dc10 code [0x000002cb3709ddc0, 0x000002cb3709e138]
Event: 4.652 Thread 0x000002cb4977e9e0 1753       3       java.math.BigInteger::mulAdd (19 bytes)
Event: 4.652 Thread 0x000002cb4977e9e0 nmethod 1753 0x000002cb3709e290 code [0x000002cb3709e420, 0x000002cb3709e5a8]
Event: 4.652 Thread 0x000002cb4977e9e0 1754       3       java.math.BigInteger::implMulAddCheck (176 bytes)
Event: 4.653 Thread 0x000002cb4977e9e0 nmethod 1754 0x000002cb3709e690 code [0x000002cb3709ea80, 0x000002cb370a0208]
Event: 4.653 Thread 0x000002cb4977e9e0 1757       3       java.math.BigInteger::shiftLeftImplWorker (43 bytes)

GC Heap History (2 events):
Event: 3.971 GC heap before
{Heap before GC invocations=0 (full 0):
 garbage-first heap   total 63488K, used 17408K [0x00000000c3a00000, 0x0000000100000000)
  region size 1024K, 13 young (13312K), 0 survivors (0K)
 Metaspace       used 8898K, committed 9152K, reserved 1114112K
  class space    used 937K, committed 1088K, reserved 1048576K
}
Event: 3.978 GC heap after
{Heap after GC invocations=1 (full 0):
 garbage-first heap   total 63488K, used 7488K [0x00000000c3a00000, 0x0000000100000000)
  region size 1024K, 2 young (2048K), 2 survivors (2048K)
 Metaspace       used 8898K, committed 9152K, reserved 1114112K
  class space    used 937K, committed 1088K, reserved 1048576K
}

Dll operation events (12 events):
Event: 0.008 Loaded shared library C:\Program Files\Java\jdk-20\bin\java.dll
Event: 0.018 Loaded shared library C:\Program Files\Java\jdk-20\bin\jsvml.dll
Event: 0.075 Loaded shared library C:\Program Files\Java\jdk-20\bin\net.dll
Event: 0.077 Loaded shared library C:\Program Files\Java\jdk-20\bin\nio.dll
Event: 0.113 Loaded shared library C:\Program Files\Java\jdk-20\bin\zip.dll
Event: 0.127 Loaded shared library C:\Program Files\Java\jdk-20\bin\jimage.dll
Event: 0.145 Loaded shared library C:\Program Files\Java\jdk-20\bin\awt.dll
Event: 0.400 Loaded shared library C:\Program Files\Java\jdk-20\bin\javajpeg.dll
Event: 0.454 Loaded shared library C:\Program Files\Java\jdk-20\bin\freetype.dll
Event: 0.456 Loaded shared library C:\Program Files\Java\jdk-20\bin\fontmanager.dll
Event: 4.022 Loaded shared library C:\Program Files\Java\jdk-20\bin\extnet.dll
Event: 4.433 Loaded shared library C:\Program Files\Java\jdk-20\bin\sunmscapi.dll

Deoptimization events (20 events):
Event: 4.026 Thread 0x000002cb4dcec2b0 DEOPT PACKING pc=0x000002cb3e8daaa0 sp=0x000000d6027fdbf0
Event: 4.026 Thread 0x000002cb4dcec2b0 DEOPT UNPACKING pc=0x000002cb3e30d2a2 sp=0x000000d6027fdaf8 mode 2
Event: 4.134 Thread 0x000002cb4dcec2b0 DEOPT PACKING pc=0x000002cb36f7ec81 sp=0x000000d6027fd1f0
Event: 4.134 Thread 0x000002cb4dcec2b0 DEOPT UNPACKING pc=0x000002cb3e35e462 sp=0x000000d6027fc6e8 mode 0
Event: 4.229 Thread 0x000002cb4dcec2b0 Uncommon trap: trap_request=0xffffffde fr.pc=0x000002cb3e8d3524 relative=0x00000000000002e4
Event: 4.229 Thread 0x000002cb4dcec2b0 Uncommon trap: reason=class_check action=maybe_recompile pc=0x000002cb3e8d3524 method=java.util.HashMap.getNode(Ljava/lang/Object;)Ljava/util/HashMap$Node; @ 128 c2
Event: 4.229 Thread 0x000002cb4dcec2b0 DEOPT PACKING pc=0x000002cb3e8d3524 sp=0x000000d6027fc3d0
Event: 4.229 Thread 0x000002cb4dcec2b0 DEOPT UNPACKING pc=0x000002cb3e30d2a2 sp=0x000000d6027fc338 mode 2
Event: 4.229 Thread 0x000002cb4dcec2b0 Uncommon trap: trap_request=0xffffffde fr.pc=0x000002cb3e8d3524 relative=0x00000000000002e4
Event: 4.229 Thread 0x000002cb4dcec2b0 Uncommon trap: reason=class_check action=maybe_recompile pc=0x000002cb3e8d3524 method=java.util.HashMap.getNode(Ljava/lang/Object;)Ljava/util/HashMap$Node; @ 128 c2
Event: 4.229 Thread 0x000002cb4dcec2b0 DEOPT PACKING pc=0x000002cb3e8d3524 sp=0x000000d6027fc3d0
Event: 4.229 Thread 0x000002cb4dcec2b0 DEOPT UNPACKING pc=0x000002cb3e30d2a2 sp=0x000000d6027fc338 mode 2
Event: 4.451 Thread 0x000002cb4dcec2b0 Uncommon trap: trap_request=0xffffff45 fr.pc=0x000002cb3e908018 relative=0x0000000000000278
Event: 4.451 Thread 0x000002cb4dcec2b0 Uncommon trap: reason=unstable_if action=reinterpret pc=0x000002cb3e908018 method=java.util.HashMap.putVal(ILjava/lang/Object;Ljava/lang/Object;ZZ)Ljava/lang/Object; @ 162 c2
Event: 4.451 Thread 0x000002cb4dcec2b0 DEOPT PACKING pc=0x000002cb3e908018 sp=0x000000d6027fb5c0
Event: 4.451 Thread 0x000002cb4dcec2b0 DEOPT UNPACKING pc=0x000002cb3e30d2a2 sp=0x000000d6027fb4f8 mode 2
Event: 4.617 Thread 0x000002cb4dcec2b0 Uncommon trap: trap_request=0xffffff45 fr.pc=0x000002cb3e8d714c relative=0x00000000000000cc
Event: 4.617 Thread 0x000002cb4dcec2b0 Uncommon trap: reason=unstable_if action=reinterpret pc=0x000002cb3e8d714c method=java.util.concurrent.locks.ReentrantLock$Sync.tryRelease(I)Z @ 26 c2
Event: 4.617 Thread 0x000002cb4dcec2b0 DEOPT PACKING pc=0x000002cb3e8d714c sp=0x000000d6027fd560
Event: 4.617 Thread 0x000002cb4dcec2b0 DEOPT UNPACKING pc=0x000002cb3e30d2a2 sp=0x000000d6027fd500 mode 2

Classes loaded (20 events):
Event: 4.646 Loading class java/security/cert/PKIXCertPathChecker done
Event: 4.646 Loading class sun/security/provider/certpath/AlgorithmChecker done
Event: 4.646 Loading class sun/security/provider/certpath/PKIX
Event: 4.646 Loading class sun/security/provider/certpath/PKIX done
Event: 4.646 Loading class java/security/interfaces/DSAPublicKey
Event: 4.647 Loading class java/security/interfaces/DSAKey
Event: 4.647 Loading class java/security/interfaces/DSAKey done
Event: 4.647 Loading class java/security/interfaces/DSAPublicKey done
Event: 4.647 Loading class sun/security/ssl/X509Authentication$X509Credentials
Event: 4.647 Loading class sun/security/ssl/X509Authentication$X509Credentials done
Event: 4.648 Loading class sun/security/ssl/CertificateVerify$T13CertificateVerifyMessage
Event: 4.648 Loading class sun/security/ssl/CertificateVerify$T13CertificateVerifyMessage done
Event: 4.649 Loading class sun/security/util/SignatureUtil
Event: 4.649 Loading class sun/security/util/SignatureUtil done
Event: 4.649 Loading class java/security/interfaces/RSAPrivateKey
Event: 4.650 Loading class java/security/interfaces/RSAPrivateKey done
Event: 4.650 Loading class sun/security/rsa/RSACore
Event: 4.650 Loading class sun/security/rsa/RSACore done
Event: 4.653 Loading class sun/security/rsa/MGF1
Event: 4.653 Loading class sun/security/rsa/MGF1 done

Classes unloaded (0 events):
No events

Classes redefined (0 events):
No events

Internal exceptions (20 events):
Event: 0.133 Thread 0x000002cb2ed05310 Exception <a 'java/lang/ClassNotFoundException'{0x00000000c7549f30}: sun/awt/resources/spi/awtProvider> (0x00000000c7549f30) 
thrown [s\open\src\hotspot\share\classfile\systemDictionary.cpp, line 305]
Event: 0.163 Thread 0x000002cb2ed05310 Exception <a 'java/io/FileNotFoundException'{0x00000000c75a0868}> (0x00000000c75a0868) 
thrown [s\open\src\hotspot\share\prims\jni.cpp, line 519]
Event: 0.171 Thread 0x000002cb2ed05310 Exception <a 'java/io/FileNotFoundException'{0x00000000c75cac48}> (0x00000000c75cac48) 
thrown [s\open\src\hotspot\share\prims\jni.cpp, line 519]
Event: 0.249 Thread 0x000002cb2ed05310 Exception <a 'java/lang/NoSuchMethodError'{0x00000000c74e52b0}: 'void java.lang.invoke.DirectMethodHandle$Holder.invokeSpecial(java.lang.Object, java.lang.Object, java.lang.Object)'> (0x00000000c74e52b0) 
thrown [s\open\src\hotspot\share\interpreter\linkResolver.cpp, line 773]
Event: 0.256 Thread 0x000002cb2ed05310 Exception <a 'java/lang/NoSuchMethodError'{0x00000000c730fed8}: 'java.lang.Object java.lang.invoke.DirectMethodHandle$Holder.newInvokeSpecial(java.lang.Object, java.lang.Object, java.lang.Object, java.lang.Object, java.lang.Object)'> (0x00000000c730fed8) 
thrown [s\open\src\hotspot\share\interpreter\linkResolver.cpp, line 773]
Event: 0.261 Thread 0x000002cb2ed05310 Exception <a 'java/lang/NoSuchMethodError'{0x00000000c7340780}: 'java.lang.Object java.lang.invoke.DirectMethodHandle$Holder.invokeStatic(java.lang.Object, int, java.lang.Object)'> (0x00000000c7340780) 
thrown [s\open\src\hotspot\share\interpreter\linkResolver.cpp, line 773]
Event: 0.284 Thread 0x000002cb2ed05310 Exception <a 'java/lang/ClassNotFoundException'{0x00000000c73fbe00}: com/sun/swing/internal/plaf/metal/resources/spi/metalProvider> (0x00000000c73fbe00) 
thrown [s\open\src\hotspot\share\classfile\systemDictionary.cpp, line 305]
Event: 0.284 Thread 0x000002cb2ed05310 Exception <a 'java/lang/ClassNotFoundException'{0x00000000c7200800}: com/sun/swing/internal/plaf/basic/resources/spi/basicProvider> (0x00000000c7200800) 
thrown [s\open\src\hotspot\share\classfile\systemDictionary.cpp, line 305]
Event: 0.292 Thread 0x000002cb2ed05310 Exception <a 'java/lang/NoSuchMethodError'{0x00000000c721f9e0}: 'int java.lang.invoke.Invokers$Holder.invokeExact_MT(java.lang.Object, java.lang.Object)'> (0x00000000c721f9e0) 
thrown [s\open\src\hotspot\share\interpreter\linkResolver.cpp, line 773]
Event: 0.401 Thread 0x000002cb4dc4dad0 Exception <a 'java/lang/NoSuchMethodError'{0x00000000c71e0df8}: 'java.lang.Object java.lang.invoke.DirectMethodHandle$Holder.newInvokeSpecial(java.lang.Object, java.lang.Object, java.lang.Object, int, int, int, int, int)'> (0x00000000c71e0df8) 
thrown [s\open\src\hotspot\share\interpreter\linkResolver.cpp, line 773]
Event: 0.426 Thread 0x000002cb4dc195a0 Exception <a 'java/lang/NoSuchMethodError'{0x00000000c74955d8}: 'void java.lang.invoke.DirectMethodHandle$Holder.invokeVirtual(java.lang.Object, java.lang.Object)'> (0x00000000c74955d8) 
thrown [s\open\src\hotspot\share\interpreter\linkResolver.cpp, line 773]
Event: 0.448 Thread 0x000002cb2ed05310 Exception <a 'java/lang/NoSuchMethodError'{0x00000000c6f54778}: 'void java.lang.invoke.DirectMethodHandle$Holder.invokeStaticInit(java.lang.Object)'> (0x00000000c6f54778) 
thrown [s\open\src\hotspot\share\interpreter\linkResolver.cpp, line 773]
Event: 3.844 Thread 0x000002cb4dcec2b0 Exception <a 'java/lang/NoSuchMethodError'{0x00000000c6d4d290}: 'java.lang.Object java.lang.invoke.DirectMethodHandle$Holder.invokeInterface(java.lang.Object, java.lang.Object)'> (0x00000000c6d4d290) 
thrown [s\open\src\hotspot\share\interpreter\linkResolver.cpp, line 773]
Event: 3.880 Thread 0x000002cb4dcec2b0 Exception <a 'java/lang/NoSuchMethodError'{0x00000000c6dc8380}: 'void java.lang.invoke.DirectMethodHandle$Holder.invokeStatic(java.lang.Object, java.lang.Object, java.lang.Object)'> (0x00000000c6dc8380) 
thrown [s\open\src\hotspot\share\interpreter\linkResolver.cpp, line 773]
Event: 3.882 Thread 0x000002cb4dcec2b0 Exception <a 'java/lang/NoSuchMethodError'{0x00000000c6dd23d0}: 'java.lang.Object java.lang.invoke.DirectMethodHandle$Holder.invokeVirtual(java.lang.Object, java.lang.Object, java.lang.Object)'> (0x00000000c6dd23d0) 
thrown [s\open\src\hotspot\share\interpreter\linkResolver.cpp, line 773]
Event: 4.024 Thread 0x000002cb4dcec2b0 Exception <a 'java/lang/NoSuchMethodError'{0x00000000c761a778}: 'void java.lang.invoke.DirectMethodHandle$Holder.invokeStatic(java.lang.Object, java.lang.Object)'> (0x00000000c761a778) 
thrown [s\open\src\hotspot\share\interpreter\linkResolver.cpp, line 773]
Event: 4.135 Thread 0x000002cb4dcec2b0 Exception <a 'java/lang/NoSuchMethodError'{0x00000000c7465ed8}: 'void java.lang.invoke.DirectMethodHandle$Holder.invokeStaticInit(java.lang.Object, java.lang.Object)'> (0x00000000c7465ed8) 
thrown [s\open\src\hotspot\share\interpreter\linkResolver.cpp, line 773]
Event: 4.266 Thread 0x000002cb4dcec2b0 Exception <a 'sun/nio/fs/WindowsException'{0x00000000c738fb10}> (0x00000000c738fb10) 
thrown [s\open\src\hotspot\share\prims\jni.cpp, line 519]
Event: 4.313 Thread 0x000002cb4dcec2b0 Exception <a 'java/lang/NoSuchMethodError'{0x00000000c7242e20}: 'java.lang.Object java.lang.invoke.DirectMethodHandle$Holder.invokeStaticInit(java.lang.Object, int, int, int, int)'> (0x00000000c7242e20) 
thrown [s\open\src\hotspot\share\interpreter\linkResolver.cpp, line 773]
Event: 4.402 Thread 0x000002cb4dcec2b0 Exception <a 'java/lang/NoSuchMethodError'{0x00000000c72b35c0}: 'java.lang.Object java.lang.invoke.DirectMethodHandle$Holder.invokeStaticInit(java.lang.Object, java.lang.Object, int, int, int, int)'> (0x00000000c72b35c0) 
thrown [s\open\src\hotspot\share\interpreter\linkResolver.cpp, line 773]

VM Operations (20 events):
Event: 0.298 Executing VM operation: HandshakeAllThreads
Event: 0.298 Executing VM operation: HandshakeAllThreads done
Event: 0.355 Executing VM operation: HandshakeAllThreads
Event: 0.355 Executing VM operation: HandshakeAllThreads done
Event: 1.355 Executing VM operation: Cleanup
Event: 1.355 Executing VM operation: Cleanup done
Event: 2.361 Executing VM operation: Cleanup
Event: 2.362 Executing VM operation: Cleanup done
Event: 3.373 Executing VM operation: Cleanup
Event: 3.373 Executing VM operation: Cleanup done
Event: 3.813 Executing VM operation: HandshakeAllThreads
Event: 3.813 Executing VM operation: HandshakeAllThreads done
Event: 3.971 Executing VM operation: G1CollectForAllocation
Event: 3.978 Executing VM operation: G1CollectForAllocation done
Event: 4.006 Executing VM operation: HandshakeAllThreads
Event: 4.006 Executing VM operation: HandshakeAllThreads done
Event: 4.276 Executing VM operation: HandshakeAllThreads
Event: 4.276 Executing VM operation: HandshakeAllThreads done
Event: 4.626 Executing VM operation: HandshakeAllThreads
Event: 4.626 Executing VM operation: HandshakeAllThreads done

Events (19 events):
Event: 0.018 Thread 0x000002cb2ed05310 Thread added: 0x000002cb2ed05310
Event: 0.029 Thread 0x000002cb49718d10 Thread added: 0x000002cb49718d10
Event: 0.029 Thread 0x000002cb49719bb0 Thread added: 0x000002cb49719bb0
Event: 0.030 Thread 0x000002cb4971bd50 Thread added: 0x000002cb4971bd50
Event: 0.030 Thread 0x000002cb4971da00 Thread added: 0x000002cb4971da00
Event: 0.030 Thread 0x000002cb4971fb80 Thread added: 0x000002cb4971fb80
Event: 0.030 Thread 0x000002cb49723370 Thread added: 0x000002cb49723370
Event: 0.030 Thread 0x000002cb49723fe0 Thread added: 0x000002cb49723fe0
Event: 0.032 Thread 0x000002cb4977e9e0 Thread added: 0x000002cb4977e9e0
Event: 0.060 Thread 0x000002cb496fac40 Thread added: 0x000002cb496fac40
Event: 0.106 Thread 0x000002cb4d9dd800 Thread added: 0x000002cb4d9dd800
Event: 0.212 Thread 0x000002cb4dbd5380 Thread added: 0x000002cb4dbd5380
Event: 0.213 Thread 0x000002cb4dbd58d0 Thread added: 0x000002cb4dbd58d0
Event: 0.215 Thread 0x000002cb4dc195a0 Thread added: 0x000002cb4dc195a0
Event: 0.311 Thread 0x000002cb4dc4dad0 Thread added: 0x000002cb4dc4dad0
Event: 0.425 Thread 0x000002cb4dcec2b0 Thread added: 0x000002cb4dcec2b0
Event: 0.516 Thread 0x000002cb2ed05310 Thread exited: 0x000002cb2ed05310
Event: 0.516 Thread 0x000002cb2ed05310 Thread added: 0x000002cb2ed05310
Event: 3.795 Thread 0x000002cb4e82d1e0 Thread added: 0x000002cb4e82d1e0


Dynamic libraries:
0x00007ff626720000 - 0x00007ff626730000 	C:\Program Files\Java\jdk-20\bin\java.exe
0x00007ffff3ed0000 - 0x00007ffff40e7000 	C:\WINDOWS\SYSTEM32\ntdll.dll
0x00007ffff1c70000 - 0x00007ffff1d34000 	C:\WINDOWS\System32\KERNEL32.DLL
0x00007ffff1880000 - 0x00007ffff1c27000 	C:\WINDOWS\System32\KERNELBASE.dll
0x00007ffff1250000 - 0x00007ffff1361000 	C:\WINDOWS\System32\ucrtbase.dll
0x00007fffe9920000 - 0x00007fffe993b000 	C:\Program Files\Java\jdk-20\bin\VCRUNTIME140.dll
0x00007fffec180000 - 0x00007fffec199000 	C:\Program Files\Java\jdk-20\bin\jli.dll
0x00007ffff3730000 - 0x00007ffff37e0000 	C:\WINDOWS\System32\ADVAPI32.dll
0x00007ffff2950000 - 0x00007ffff29f7000 	C:\WINDOWS\System32\msvcrt.dll
0x00007ffff2740000 - 0x00007ffff27e6000 	C:\WINDOWS\System32\sechost.dll
0x00007ffff1e40000 - 0x00007ffff1f57000 	C:\WINDOWS\System32\RPCRT4.dll
0x00007ffff3510000 - 0x00007ffff36be000 	C:\WINDOWS\System32\USER32.dll
0x00007ffff1850000 - 0x00007ffff1876000 	C:\WINDOWS\System32\win32u.dll
0x00007ffff2a00000 - 0x00007ffff2a29000 	C:\WINDOWS\System32\GDI32.dll
0x00007fffd8830000 - 0x00007fffd8ac3000 	C:\WINDOWS\WinSxS\amd64_microsoft.windows.common-controls_6595b64144ccf1df_6.0.22621.2506_none_270c5ae97388e100\COMCTL32.dll
0x00007ffff1410000 - 0x00007ffff1529000 	C:\WINDOWS\System32\gdi32full.dll
0x00007ffff1370000 - 0x00007ffff140a000 	C:\WINDOWS\System32\msvcp_win.dll
0x00007fffe9e40000 - 0x00007fffe9e4a000 	C:\WINDOWS\SYSTEM32\VERSION.dll
0x00007ffff1c30000 - 0x00007ffff1c61000 	C:\WINDOWS\System32\IMM32.DLL
0x00007fffe9910000 - 0x00007fffe991c000 	C:\Program Files\Java\jdk-20\bin\vcruntime140_1.dll
0x00007fffc3ed0000 - 0x00007fffc3f5e000 	C:\Program Files\Java\jdk-20\bin\msvcp140.dll
0x00007fffc42e0000 - 0x00007fffc4f77000 	C:\Program Files\Java\jdk-20\bin\server\jvm.dll
0x00007fffe9940000 - 0x00007fffe9949000 	C:\WINDOWS\SYSTEM32\WSOCK32.dll
0x00007fffe82d0000 - 0x00007fffe8304000 	C:\WINDOWS\SYSTEM32\WINMM.dll
0x00007ffff1f80000 - 0x00007ffff1ff1000 	C:\WINDOWS\System32\WS2_32.dll
0x00007ffff0250000 - 0x00007ffff0268000 	C:\WINDOWS\SYSTEM32\kernel.appcore.dll
0x00007fffc4260000 - 0x00007fffc426a000 	C:\Program Files\Java\jdk-20\bin\jimage.dll
0x00007fffeeaa0000 - 0x00007fffeecd3000 	C:\WINDOWS\SYSTEM32\DBGHELP.DLL
0x00007ffff2370000 - 0x00007ffff26f9000 	C:\WINDOWS\System32\combase.dll
0x00007ffff37e0000 - 0x00007ffff38b7000 	C:\WINDOWS\System32\OLEAUT32.dll
0x00007fffd2af0000 - 0x00007fffd2b22000 	C:\WINDOWS\SYSTEM32\dbgcore.DLL
0x00007ffff1660000 - 0x00007ffff16da000 	C:\WINDOWS\System32\bcryptPrimitives.dll
0x00007fffc4270000 - 0x00007fffc4296000 	C:\Program Files\Java\jdk-20\bin\java.dll
0x00007fffc4180000 - 0x00007fffc4257000 	C:\Program Files\Java\jdk-20\bin\jsvml.dll
0x00007ffff2b50000 - 0x00007ffff33a9000 	C:\WINDOWS\System32\SHELL32.dll
0x00007fffef170000 - 0x00007fffefa64000 	C:\WINDOWS\SYSTEM32\windows.storage.dll
0x00007fffef030000 - 0x00007fffef16e000 	C:\WINDOWS\SYSTEM32\wintypes.dll
0x00007ffff33b0000 - 0x00007ffff34a3000 	C:\WINDOWS\System32\SHCORE.dll
0x00007ffff34b0000 - 0x00007ffff350e000 	C:\WINDOWS\System32\shlwapi.dll
0x00007ffff1180000 - 0x00007ffff11a6000 	C:\WINDOWS\SYSTEM32\profapi.dll
0x00007fffc4160000 - 0x00007fffc4173000 	C:\Program Files\Java\jdk-20\bin\net.dll
0x00007fffe8190000 - 0x00007fffe82c7000 	C:\WINDOWS\SYSTEM32\WINHTTP.dll
0x00007ffff06d0000 - 0x00007ffff0739000 	C:\WINDOWS\system32\mswsock.dll
0x00007fffc4140000 - 0x00007fffc4156000 	C:\Program Files\Java\jdk-20\bin\nio.dll
0x00007fffc4120000 - 0x00007fffc4138000 	C:\Program Files\Java\jdk-20\bin\zip.dll
0x00007fffc3f60000 - 0x00007fffc40f1000 	C:\Program Files\Java\jdk-20\bin\awt.dll
0x00007fffee020000 - 0x00007fffee0b7000 	C:\WINDOWS\SYSTEM32\apphelp.dll
0x00007fffee550000 - 0x00007fffee57b000 	C:\WINDOWS\system32\DWMAPI.DLL
0x00007fffee300000 - 0x00007fffee3ab000 	C:\WINDOWS\system32\uxtheme.dll
0x00007fffb5bb0000 - 0x00007fffb5cb0000 	C:\WINDOWS\system32\opengl32.dll
0x00007fffb6360000 - 0x00007fffb638d000 	C:\WINDOWS\SYSTEM32\GLU32.dll
0x00007fffee400000 - 0x00007fffee436000 	C:\WINDOWS\SYSTEM32\dxcore.dll
0x00007ffff38c0000 - 0x00007ffff3a0f000 	C:\WINDOWS\System32\MSCTF.dll
0x00007ffff2010000 - 0x00007ffff21b0000 	C:\WINDOWS\System32\ole32.dll
0x00007fffec100000 - 0x00007fffec12e000 	C:\Program Files\Java\jdk-20\bin\javajpeg.dll
0x00007fffc3e40000 - 0x00007fffc3ec6000 	C:\Program Files\Java\jdk-20\bin\freetype.dll
0x00007fffc3d70000 - 0x00007fffc3e36000 	C:\Program Files\Java\jdk-20\bin\fontmanager.dll
0x00007fffdf630000 - 0x00007fffdf77a000 	C:\WINDOWS\SYSTEM32\textinputframework.dll
0x00007fffedbf0000 - 0x00007fffedd23000 	C:\WINDOWS\SYSTEM32\CoreMessaging.dll
0x00007fffeaac0000 - 0x00007fffeae2c000 	C:\WINDOWS\SYSTEM32\CoreUIComponents.dll
0x00007ffff0940000 - 0x00007ffff094c000 	C:\WINDOWS\SYSTEM32\CRYPTBASE.DLL
0x00007fffefd90000 - 0x00007fffefe89000 	C:\WINDOWS\SYSTEM32\DNSAPI.dll
0x00007fffefd10000 - 0x00007fffefd3d000 	C:\WINDOWS\SYSTEM32\IPHLPAPI.DLL
0x00007ffff2730000 - 0x00007ffff2739000 	C:\WINDOWS\System32\NSI.dll
0x00007fffdea60000 - 0x00007fffdea6a000 	C:\Windows\System32\rasadhlp.dll
0x00007fffe7950000 - 0x00007fffe79d3000 	C:\WINDOWS\System32\fwpuclnt.dll
0x00007fffc4100000 - 0x00007fffc4107000 	C:\Program Files\Java\jdk-20\bin\extnet.dll
0x00007ffff0920000 - 0x00007ffff093b000 	C:\WINDOWS\SYSTEM32\CRYPTSP.dll
0x00007ffff01b0000 - 0x00007ffff01e5000 	C:\WINDOWS\system32\rsaenh.dll
0x00007ffff07c0000 - 0x00007ffff07ec000 	C:\WINDOWS\SYSTEM32\USERENV.dll
0x00007ffff0b10000 - 0x00007ffff0b38000 	C:\WINDOWS\SYSTEM32\bcrypt.dll
0x00007fffe8030000 - 0x00007fffe8049000 	C:\WINDOWS\SYSTEM32\dhcpcsvc6.DLL
0x00007fffe8010000 - 0x00007fffe802f000 	C:\WINDOWS\SYSTEM32\dhcpcsvc.DLL
0x00007fffec0f0000 - 0x00007fffec0fe000 	C:\Program Files\Java\jdk-20\bin\sunmscapi.dll
0x00007ffff16e0000 - 0x00007ffff1846000 	C:\WINDOWS\System32\CRYPT32.dll
0x00007ffff0ae0000 - 0x00007ffff0b0d000 	C:\WINDOWS\SYSTEM32\ncrypt.dll
0x00007ffff0aa0000 - 0x00007ffff0ad7000 	C:\WINDOWS\SYSTEM32\NTASN1.dll

dbghelp: loaded successfully - version: 4.0.5 - missing functions: none
symbol engine: initialized successfully - sym options: 0x614 - pdb path: .;C:\Program Files\Java\jdk-20\bin;C:\WINDOWS\SYSTEM32;C:\WINDOWS\WinSxS\amd64_microsoft.windows.common-controls_6595b64144ccf1df_6.0.22621.2506_none_270c5ae97388e100;C:\Program Files\Java\jdk-20\bin\server

VM Arguments:
jvm_args: -Dfile.encoding=UTF-8 --module-path=D:\NetBeansProjects\Hotel Management System\build\classes 
java_command: hotel.management.system.Reception
java_class_path (initial): D:\NetBeansProjects\mysql-connector-java-8.0.30.jar;D:\NetBeansProjects\rs2xml.jar;D:\NetBeansProjects\Hotel Management System\build\classes
Launcher Type: SUN_STANDARD

[Global flags]
     intx CICompilerCount                          = 3                                         {product} {ergonomic}
     uint ConcGCThreads                            = 1                                         {product} {ergonomic}
     uint G1ConcRefinementThreads                  = 4                                         {product} {ergonomic}
   size_t G1HeapRegionSize                         = 1048576                                   {product} {ergonomic}
    uintx GCDrainStackTargetSize                   = 64                                        {product} {ergonomic}
   size_t InitialHeapSize                          = 65011712                                  {product} {ergonomic}
   size_t MarkStackSize                            = 4194304                                   {product} {ergonomic}
   size_t MaxHeapSize                              = 1012924416                                {product} {ergonomic}
   size_t MaxNewSize                               = 607125504                                 {product} {ergonomic}
   size_t MinHeapDeltaBytes                        = 1048576                                   {product} {ergonomic}
   size_t MinHeapSize                              = 8388608                                   {product} {ergonomic}
    uintx NonNMethodCodeHeapSize                   = 5832780                                {pd product} {ergonomic}
    uintx NonProfiledCodeHeapSize                  = 122912730                              {pd product} {ergonomic}
    uintx ProfiledCodeHeapSize                     = 122912730                              {pd product} {ergonomic}
    uintx ReservedCodeCacheSize                    = 251658240                              {pd product} {ergonomic}
     bool SegmentedCodeCache                       = true                                      {product} {ergonomic}
   size_t SoftMaxHeapSize                          = 1012924416                             {manageable} {ergonomic}
     bool UseCompressedClassPointers               = true                           {product lp64_product} {ergonomic}
     bool UseCompressedOops                        = true                           {product lp64_product} {ergonomic}
     bool UseG1GC                                  = true                                      {product} {ergonomic}
     bool UseLargePagesIndividualAllocation        = false                                  {pd product} {ergonomic}

Logging:
Log output configuration:
 #0: stdout all=warning uptime,level,tags foldmultilines=false
 #1: stderr all=off uptime,level,tags foldmultilines=false

Environment Variables:
PATH=C:\Program Files\Common Files\Oracle\Java\javapath;C:\Program Files\Microsoft MPI\Bin\;C:\WINDOWS\system32;C:\WINDOWS;C:\WINDOWS\System32\Wbem;C:\WINDOWS\System32\WindowsPowerShell\v1.0\;C:\WINDOWS\System32\OpenSSH\;C:\Program Files (x86)\Microsoft SQL Server\160\Tools\Binn\;C:\Program Files\Microsoft SQL Server\160\Tools\Binn\;C:\Program Files\Microsoft SQL Server\Client SDK\ODBC\170\Tools\Binn\;C:\Program Files\Microsoft SQL Server\160\DTS\Binn\;C:\Program Files (x86)\Microsoft SQL Server\160\DTS\Binn\;C:\Program Files\Azure Data Studio\bin;C:\Program Files\MySQL\MySQL Shell 8.0\bin\;C:\Users\jages\AppData\Local\Microsoft\WindowsApps;;C:\Users\jages\AppData\Local\Programs\Microsoft VS Code\bin;C:\Program Files\Azure Data Studio\bin
USERNAME=jages
OS=Windows_NT
PROCESSOR_IDENTIFIER=Intel64 Family 6 Model 126 Stepping 5, GenuineIntel
TMP=C:\Users\jages\AppData\Local\Temp
TEMP=C:\Users\jages\AppData\Local\Temp




---------------  S Y S T E M  ---------------

OS:
 Windows 11 , 64 bit Build 22621 (10.0.22621.2506)
OS uptime: 0 days 22:07 hours

CPU: total 4 (initial active 4) (2 cores per cpu, 2 threads per core) family 6 model 126 stepping 5 microcode 0xbc, cx8, cmov, fxsr, ht, mmx, 3dnowpref, sse, sse2, sse3, ssse3, sse4.1, sse4.2, popcnt, lzcnt, tsc, tscinvbit, avx, avx2, aes, erms, clmul, bmi1, bmi2, adx, avx512f, avx512dq, avx512cd, avx512bw, avx512vl, sha, fma, vzeroupper, avx512_vpopcntdq, avx512_vpclmulqdq, avx512_vaes, avx512_vnni, clflush, clflushopt, avx512_vbmi2, avx512_vbmi, rdtscp, rdpid, fsrm, gfni, avx512_bitalg, f16c, pku, avx512_ifma

Memory: 4k page, system-wide physical 3863M (242M free)
TotalPageFile size 15639M (AvailPageFile size 0M)
current process WorkingSet (physical memory assigned to process): 97M, peak: 97M
current process commit charge ("private bytes"): 166M, peak: 166M

vm_info: Java HotSpot(TM) 64-Bit Server VM (20+36-2344) for windows-amd64 JRE (20+36-2344), built on 2023-02-10T19:30:15Z by "mach5one" with MS VC++ 17.1 (VS2022)

END.
